2019-11-09 09:52:55.755  WARN 17556 --- [HikariPool-1 housekeeper] com.zaxxer.hikari.pool.HikariPool        : HikariPool-1 - Thread starvation or clock leap detected (housekeeper delta=9h36m2s194ms573µs999ns).
2019-11-09 10:14:58.238  INFO 7232 --- [main] c.s.test3.Test3ApplicationTests          : Starting Test3ApplicationTests on LAPTOP-9LML863E with PID 7232 (started by ojkal in C:\Personal\SII Concatel Test\test3)
2019-11-09 10:14:58.240  INFO 7232 --- [main] c.s.test3.Test3ApplicationTests          : No active profile set, falling back to default profiles: default
2019-11-09 10:14:58.829  INFO 7232 --- [main] .s.d.r.c.RepositoryConfigurationDelegate : Bootstrapping Spring Data repositories in DEFAULT mode.
2019-11-09 10:14:58.857  INFO 7232 --- [main] .s.d.r.c.RepositoryConfigurationDelegate : Finished Spring Data repository scanning in 17ms. Found 0 repository interfaces.
2019-11-09 10:14:59.242  INFO 7232 --- [main] trationDelegate$BeanPostProcessorChecker : Bean 'org.springframework.transaction.annotation.ProxyTransactionManagementConfiguration' of type [org.springframework.transaction.annotation.ProxyTransactionManagementConfiguration] is not eligible for getting processed by all BeanPostProcessors (for example: not eligible for auto-proxying)
2019-11-09 10:14:59.422  INFO 7232 --- [main] com.zaxxer.hikari.HikariDataSource       : HikariPool-1 - Starting...
2019-11-09 10:15:01.233  INFO 7232 --- [main] com.zaxxer.hikari.HikariDataSource       : HikariPool-1 - Start completed.
2019-11-09 10:15:01.325  INFO 7232 --- [main] o.hibernate.jpa.internal.util.LogHelper  : HHH000204: Processing PersistenceUnitInfo [name: default]
2019-11-09 10:15:01.463  INFO 7232 --- [main] org.hibernate.Version                    : HHH000412: Hibernate Core {5.4.6.Final}
2019-11-09 10:15:01.778  INFO 7232 --- [main] o.hibernate.annotations.common.Version   : HCANN000001: Hibernate Commons Annotations {5.1.0.Final}
2019-11-09 10:15:01.975  INFO 7232 --- [main] org.hibernate.dialect.Dialect            : HHH000400: Using dialect: org.hibernate.dialect.MySQL8Dialect
2019-11-09 10:15:02.353  INFO 7232 --- [main] o.h.e.t.j.p.i.JtaPlatformInitiator       : HHH000490: Using JtaPlatform implementation: [org.hibernate.engine.transaction.jta.platform.internal.NoJtaPlatform]
2019-11-09 10:15:02.373  INFO 7232 --- [main] j.LocalContainerEntityManagerFactoryBean : Initialized JPA EntityManagerFactory for persistence unit 'default'
2019-11-09 10:15:02.694  WARN 7232 --- [main] JpaBaseConfiguration$JpaWebConfiguration : spring.jpa.open-in-view is enabled by default. Therefore, database queries may be performed during view rendering. Explicitly configure spring.jpa.open-in-view to disable this warning
2019-11-09 10:15:03.027  INFO 7232 --- [main] o.s.s.concurrent.ThreadPoolTaskExecutor  : Initializing ExecutorService 'applicationTaskExecutor'
2019-11-09 10:15:03.470  INFO 7232 --- [main] c.s.test3.Test3ApplicationTests          : Started Test3ApplicationTests in 5.603 seconds (JVM running for 7.402)
2019-11-09 10:15:03.889  INFO 7232 --- [main] c.s.test3.controller.RestController      : Entering testApi
2019-11-09 10:15:03.930  INFO 7232 --- [SpringContextShutdownHook] o.s.s.concurrent.ThreadPoolTaskExecutor  : Shutting down ExecutorService 'applicationTaskExecutor'
2019-11-09 10:15:03.932  INFO 7232 --- [SpringContextShutdownHook] j.LocalContainerEntityManagerFactoryBean : Closing JPA EntityManagerFactory for persistence unit 'default'
2019-11-09 10:15:03.935  INFO 7232 --- [SpringContextShutdownHook] com.zaxxer.hikari.HikariDataSource       : HikariPool-1 - Shutdown initiated...
2019-11-09 10:15:03.947  INFO 7232 --- [SpringContextShutdownHook] com.zaxxer.hikari.HikariDataSource       : HikariPool-1 - Shutdown completed.
2019-11-09 10:17:18.353  INFO 15904 --- [main] c.s.test3.Test3ApplicationTests          : Starting Test3ApplicationTests on LAPTOP-9LML863E with PID 15904 (started by ojkal in C:\Personal\SII Concatel Test\test3)
2019-11-09 10:17:18.355  INFO 15904 --- [main] c.s.test3.Test3ApplicationTests          : No active profile set, falling back to default profiles: default
2019-11-09 10:17:18.947  INFO 15904 --- [main] .s.d.r.c.RepositoryConfigurationDelegate : Bootstrapping Spring Data repositories in DEFAULT mode.
2019-11-09 10:17:18.971  INFO 15904 --- [main] .s.d.r.c.RepositoryConfigurationDelegate : Finished Spring Data repository scanning in 14ms. Found 0 repository interfaces.
2019-11-09 10:17:19.317  INFO 15904 --- [main] trationDelegate$BeanPostProcessorChecker : Bean 'org.springframework.transaction.annotation.ProxyTransactionManagementConfiguration' of type [org.springframework.transaction.annotation.ProxyTransactionManagementConfiguration] is not eligible for getting processed by all BeanPostProcessors (for example: not eligible for auto-proxying)
2019-11-09 10:17:19.589  INFO 15904 --- [main] com.zaxxer.hikari.HikariDataSource       : HikariPool-1 - Starting...
2019-11-09 10:17:20.861  INFO 15904 --- [main] com.zaxxer.hikari.HikariDataSource       : HikariPool-1 - Start completed.
2019-11-09 10:17:20.965  INFO 15904 --- [main] o.hibernate.jpa.internal.util.LogHelper  : HHH000204: Processing PersistenceUnitInfo [name: default]
2019-11-09 10:17:21.051  INFO 15904 --- [main] org.hibernate.Version                    : HHH000412: Hibernate Core {5.4.6.Final}
2019-11-09 10:17:21.199  INFO 15904 --- [main] o.hibernate.annotations.common.Version   : HCANN000001: Hibernate Commons Annotations {5.1.0.Final}
2019-11-09 10:17:21.314  INFO 15904 --- [main] org.hibernate.dialect.Dialect            : HHH000400: Using dialect: org.hibernate.dialect.MySQL8Dialect
2019-11-09 10:17:21.531  INFO 15904 --- [main] o.h.e.t.j.p.i.JtaPlatformInitiator       : HHH000490: Using JtaPlatform implementation: [org.hibernate.engine.transaction.jta.platform.internal.NoJtaPlatform]
2019-11-09 10:17:21.540  INFO 15904 --- [main] j.LocalContainerEntityManagerFactoryBean : Initialized JPA EntityManagerFactory for persistence unit 'default'
2019-11-09 10:17:21.821  WARN 15904 --- [main] JpaBaseConfiguration$JpaWebConfiguration : spring.jpa.open-in-view is enabled by default. Therefore, database queries may be performed during view rendering. Explicitly configure spring.jpa.open-in-view to disable this warning
2019-11-09 10:17:22.107  INFO 15904 --- [main] o.s.s.concurrent.ThreadPoolTaskExecutor  : Initializing ExecutorService 'applicationTaskExecutor'
2019-11-09 10:17:22.446  INFO 15904 --- [main] c.s.test3.Test3ApplicationTests          : Started Test3ApplicationTests in 4.397 seconds (JVM running for 5.667)
2019-11-09 10:17:22.797  INFO 15904 --- [SpringContextShutdownHook] o.s.s.concurrent.ThreadPoolTaskExecutor  : Shutting down ExecutorService 'applicationTaskExecutor'
2019-11-09 10:17:22.798  INFO 15904 --- [SpringContextShutdownHook] j.LocalContainerEntityManagerFactoryBean : Closing JPA EntityManagerFactory for persistence unit 'default'
2019-11-09 10:17:22.801  INFO 15904 --- [SpringContextShutdownHook] com.zaxxer.hikari.HikariDataSource       : HikariPool-1 - Shutdown initiated...
2019-11-09 10:17:22.810  INFO 15904 --- [SpringContextShutdownHook] com.zaxxer.hikari.HikariDataSource       : HikariPool-1 - Shutdown completed.
2019-11-09 10:18:00.117  INFO 12700 --- [main] com.ssiconcatel.test3.Test3Application   : Starting Test3Application on LAPTOP-9LML863E with PID 12700 (started by ojkal in C:\Personal\SII Concatel Test\test3)
2019-11-09 10:18:00.119  INFO 12700 --- [main] com.ssiconcatel.test3.Test3Application   : No active profile set, falling back to default profiles: default
2019-11-09 10:18:00.865  INFO 12700 --- [main] .s.d.r.c.RepositoryConfigurationDelegate : Bootstrapping Spring Data repositories in DEFAULT mode.
2019-11-09 10:18:00.887  INFO 12700 --- [main] .s.d.r.c.RepositoryConfigurationDelegate : Finished Spring Data repository scanning in 13ms. Found 0 repository interfaces.
2019-11-09 10:18:01.241  INFO 12700 --- [main] trationDelegate$BeanPostProcessorChecker : Bean 'org.springframework.transaction.annotation.ProxyTransactionManagementConfiguration' of type [org.springframework.transaction.annotation.ProxyTransactionManagementConfiguration] is not eligible for getting processed by all BeanPostProcessors (for example: not eligible for auto-proxying)
2019-11-09 10:18:01.873  INFO 12700 --- [main] o.s.b.w.embedded.tomcat.TomcatWebServer  : Tomcat initialized with port(s): 8080 (http)
2019-11-09 10:18:01.902  INFO 12700 --- [main] o.apache.catalina.core.StandardService   : Starting service [Tomcat]
2019-11-09 10:18:01.903  INFO 12700 --- [main] org.apache.catalina.core.StandardEngine  : Starting Servlet engine: [Apache Tomcat/9.0.27]
2019-11-09 10:18:02.191  INFO 12700 --- [main] o.a.c.c.C.[Tomcat].[localhost].[/]       : Initializing Spring embedded WebApplicationContext
2019-11-09 10:18:02.192  INFO 12700 --- [main] o.s.web.context.ContextLoader            : Root WebApplicationContext: initialization completed in 2011 ms
2019-11-09 10:18:02.347  INFO 12700 --- [main] com.zaxxer.hikari.HikariDataSource       : HikariPool-1 - Starting...
2019-11-09 10:18:03.220  INFO 12700 --- [main] com.zaxxer.hikari.HikariDataSource       : HikariPool-1 - Start completed.
2019-11-09 10:18:03.263  INFO 12700 --- [main] o.hibernate.jpa.internal.util.LogHelper  : HHH000204: Processing PersistenceUnitInfo [name: default]
2019-11-09 10:18:03.321  INFO 12700 --- [main] org.hibernate.Version                    : HHH000412: Hibernate Core {5.4.6.Final}
2019-11-09 10:18:03.491  INFO 12700 --- [main] o.hibernate.annotations.common.Version   : HCANN000001: Hibernate Commons Annotations {5.1.0.Final}
2019-11-09 10:18:03.594  INFO 12700 --- [main] org.hibernate.dialect.Dialect            : HHH000400: Using dialect: org.hibernate.dialect.MySQL8Dialect
2019-11-09 10:18:03.798  INFO 12700 --- [main] o.h.e.t.j.p.i.JtaPlatformInitiator       : HHH000490: Using JtaPlatform implementation: [org.hibernate.engine.transaction.jta.platform.internal.NoJtaPlatform]
2019-11-09 10:18:03.805  INFO 12700 --- [main] j.LocalContainerEntityManagerFactoryBean : Initialized JPA EntityManagerFactory for persistence unit 'default'
2019-11-09 10:18:03.860  WARN 12700 --- [main] JpaBaseConfiguration$JpaWebConfiguration : spring.jpa.open-in-view is enabled by default. Therefore, database queries may be performed during view rendering. Explicitly configure spring.jpa.open-in-view to disable this warning
2019-11-09 10:18:03.993  INFO 12700 --- [main] o.s.s.concurrent.ThreadPoolTaskExecutor  : Initializing ExecutorService 'applicationTaskExecutor'
2019-11-09 10:18:04.239  INFO 12700 --- [main] o.s.b.w.embedded.tomcat.TomcatWebServer  : Tomcat started on port(s): 8080 (http) with context path ''
2019-11-09 10:18:04.242  INFO 12700 --- [main] com.ssiconcatel.test3.Test3Application   : Started Test3Application in 4.597 seconds (JVM running for 5.052)
2019-11-09 10:18:04.244  INFO 12700 --- [main] c.s.test3.controller.RestController      : Starting Application...
2019-11-09 10:18:34.425  INFO 12700 --- [http-nio-8080-exec-1] o.a.c.c.C.[Tomcat].[localhost].[/]       : Initializing Spring DispatcherServlet 'dispatcherServlet'
2019-11-09 10:18:34.425  INFO 12700 --- [http-nio-8080-exec-1] o.s.web.servlet.DispatcherServlet        : Initializing Servlet 'dispatcherServlet'
2019-11-09 10:18:34.443  INFO 12700 --- [http-nio-8080-exec-1] o.s.web.servlet.DispatcherServlet        : Completed initialization in 18 ms
2019-11-09 10:18:34.652  INFO 12700 --- [http-nio-8080-exec-1] c.s.test3.controller.RestController      : Entering testApi
2019-11-09 10:18:43.205  INFO 11532 --- [main] c.s.test3.Test3ApplicationTests          : Starting Test3ApplicationTests on LAPTOP-9LML863E with PID 11532 (started by ojkal in C:\Personal\SII Concatel Test\test3)
2019-11-09 10:18:43.206  INFO 11532 --- [main] c.s.test3.Test3ApplicationTests          : No active profile set, falling back to default profiles: default
2019-11-09 10:18:43.794  INFO 11532 --- [main] .s.d.r.c.RepositoryConfigurationDelegate : Bootstrapping Spring Data repositories in DEFAULT mode.
2019-11-09 10:18:43.818  INFO 11532 --- [main] .s.d.r.c.RepositoryConfigurationDelegate : Finished Spring Data repository scanning in 15ms. Found 0 repository interfaces.
2019-11-09 10:18:44.190  INFO 11532 --- [main] trationDelegate$BeanPostProcessorChecker : Bean 'org.springframework.transaction.annotation.ProxyTransactionManagementConfiguration' of type [org.springframework.transaction.annotation.ProxyTransactionManagementConfiguration] is not eligible for getting processed by all BeanPostProcessors (for example: not eligible for auto-proxying)
2019-11-09 10:18:44.376  INFO 11532 --- [main] com.zaxxer.hikari.HikariDataSource       : HikariPool-1 - Starting...
2019-11-09 10:18:45.846  INFO 11532 --- [main] com.zaxxer.hikari.HikariDataSource       : HikariPool-1 - Start completed.
2019-11-09 10:18:45.937  INFO 11532 --- [main] o.hibernate.jpa.internal.util.LogHelper  : HHH000204: Processing PersistenceUnitInfo [name: default]
2019-11-09 10:18:46.027  INFO 11532 --- [main] org.hibernate.Version                    : HHH000412: Hibernate Core {5.4.6.Final}
2019-11-09 10:18:46.190  INFO 11532 --- [main] o.hibernate.annotations.common.Version   : HCANN000001: Hibernate Commons Annotations {5.1.0.Final}
2019-11-09 10:18:46.317  INFO 11532 --- [main] org.hibernate.dialect.Dialect            : HHH000400: Using dialect: org.hibernate.dialect.MySQL8Dialect
2019-11-09 10:18:46.676  INFO 11532 --- [main] o.h.e.t.j.p.i.JtaPlatformInitiator       : HHH000490: Using JtaPlatform implementation: [org.hibernate.engine.transaction.jta.platform.internal.NoJtaPlatform]
2019-11-09 10:18:46.685  INFO 11532 --- [main] j.LocalContainerEntityManagerFactoryBean : Initialized JPA EntityManagerFactory for persistence unit 'default'
2019-11-09 10:18:46.954  WARN 11532 --- [main] JpaBaseConfiguration$JpaWebConfiguration : spring.jpa.open-in-view is enabled by default. Therefore, database queries may be performed during view rendering. Explicitly configure spring.jpa.open-in-view to disable this warning
2019-11-09 10:18:47.277  INFO 11532 --- [main] o.s.s.concurrent.ThreadPoolTaskExecutor  : Initializing ExecutorService 'applicationTaskExecutor'
2019-11-09 10:18:47.733  INFO 11532 --- [main] c.s.test3.Test3ApplicationTests          : Started Test3ApplicationTests in 4.841 seconds (JVM running for 6.163)
2019-11-09 10:18:48.120  INFO 11532 --- [SpringContextShutdownHook] o.s.s.concurrent.ThreadPoolTaskExecutor  : Shutting down ExecutorService 'applicationTaskExecutor'
2019-11-09 10:18:48.121  INFO 11532 --- [SpringContextShutdownHook] j.LocalContainerEntityManagerFactoryBean : Closing JPA EntityManagerFactory for persistence unit 'default'
2019-11-09 10:18:48.124  INFO 11532 --- [SpringContextShutdownHook] com.zaxxer.hikari.HikariDataSource       : HikariPool-1 - Shutdown initiated...
2019-11-09 10:18:48.135  INFO 11532 --- [SpringContextShutdownHook] com.zaxxer.hikari.HikariDataSource       : HikariPool-1 - Shutdown completed.
2019-11-09 10:38:48.803  INFO 12700 --- [http-nio-8080-exec-5] c.s.test3.controller.RestController      : Entering addRebel API
2019-11-09 10:38:48.803  INFO 12700 --- [http-nio-8080-exec-5] c.s.test3.controller.RestController      : Entering addRebel service
2019-11-09 10:39:21.579  INFO 12700 --- [http-nio-8080-exec-6] c.s.test3.controller.RestController      : Entering addRebel API
2019-11-09 10:39:21.580  INFO 12700 --- [http-nio-8080-exec-6] c.s.test3.controller.RestController      : Entering addRebel service
2019-11-09 10:41:29.955  INFO 14936 --- [main] com.ssiconcatel.test3.Test3Application   : Starting Test3Application on LAPTOP-9LML863E with PID 14936 (started by ojkal in C:\Personal\SII Concatel Test\test3)
2019-11-09 10:41:29.959  INFO 14936 --- [main] com.ssiconcatel.test3.Test3Application   : No active profile set, falling back to default profiles: default
2019-11-09 10:41:30.730  INFO 14936 --- [main] .s.d.r.c.RepositoryConfigurationDelegate : Bootstrapping Spring Data repositories in DEFAULT mode.
2019-11-09 10:41:30.751  INFO 14936 --- [main] .s.d.r.c.RepositoryConfigurationDelegate : Finished Spring Data repository scanning in 12ms. Found 0 repository interfaces.
2019-11-09 10:41:31.133  INFO 14936 --- [main] trationDelegate$BeanPostProcessorChecker : Bean 'org.springframework.transaction.annotation.ProxyTransactionManagementConfiguration' of type [org.springframework.transaction.annotation.ProxyTransactionManagementConfiguration] is not eligible for getting processed by all BeanPostProcessors (for example: not eligible for auto-proxying)
2019-11-09 10:41:31.714  INFO 14936 --- [main] o.s.b.w.embedded.tomcat.TomcatWebServer  : Tomcat initialized with port(s): 8080 (http)
2019-11-09 10:41:31.727  INFO 14936 --- [main] o.apache.catalina.core.StandardService   : Starting service [Tomcat]
2019-11-09 10:41:31.727  INFO 14936 --- [main] org.apache.catalina.core.StandardEngine  : Starting Servlet engine: [Apache Tomcat/9.0.27]
2019-11-09 10:41:31.863  INFO 14936 --- [main] o.a.c.c.C.[Tomcat].[localhost].[/]       : Initializing Spring embedded WebApplicationContext
2019-11-09 10:41:31.863  INFO 14936 --- [main] o.s.web.context.ContextLoader            : Root WebApplicationContext: initialization completed in 1842 ms
2019-11-09 10:41:32.005  INFO 14936 --- [main] com.zaxxer.hikari.HikariDataSource       : HikariPool-1 - Starting...
2019-11-09 10:41:32.981  INFO 14936 --- [main] com.zaxxer.hikari.HikariDataSource       : HikariPool-1 - Start completed.
2019-11-09 10:41:33.030  INFO 14936 --- [main] o.hibernate.jpa.internal.util.LogHelper  : HHH000204: Processing PersistenceUnitInfo [name: default]
2019-11-09 10:41:33.099  INFO 14936 --- [main] org.hibernate.Version                    : HHH000412: Hibernate Core {5.4.6.Final}
2019-11-09 10:41:33.267  INFO 14936 --- [main] o.hibernate.annotations.common.Version   : HCANN000001: Hibernate Commons Annotations {5.1.0.Final}
2019-11-09 10:41:33.403  INFO 14936 --- [main] org.hibernate.dialect.Dialect            : HHH000400: Using dialect: org.hibernate.dialect.MySQL8Dialect
2019-11-09 10:41:33.602  INFO 14936 --- [main] o.h.e.t.j.p.i.JtaPlatformInitiator       : HHH000490: Using JtaPlatform implementation: [org.hibernate.engine.transaction.jta.platform.internal.NoJtaPlatform]
2019-11-09 10:41:33.608  INFO 14936 --- [main] j.LocalContainerEntityManagerFactoryBean : Initialized JPA EntityManagerFactory for persistence unit 'default'
2019-11-09 10:41:33.663  WARN 14936 --- [main] JpaBaseConfiguration$JpaWebConfiguration : spring.jpa.open-in-view is enabled by default. Therefore, database queries may be performed during view rendering. Explicitly configure spring.jpa.open-in-view to disable this warning
2019-11-09 10:41:33.813  INFO 14936 --- [main] o.s.s.concurrent.ThreadPoolTaskExecutor  : Initializing ExecutorService 'applicationTaskExecutor'
2019-11-09 10:41:34.055  INFO 14936 --- [main] o.s.b.w.embedded.tomcat.TomcatWebServer  : Tomcat started on port(s): 8080 (http) with context path ''
2019-11-09 10:41:34.058  INFO 14936 --- [main] com.ssiconcatel.test3.Test3Application   : Started Test3Application in 4.553 seconds (JVM running for 5.028)
2019-11-09 10:41:34.060  INFO 14936 --- [main] c.s.test3.controller.RestController      : Starting Application...
2019-11-09 10:41:40.832  INFO 14936 --- [http-nio-8080-exec-1] o.a.c.c.C.[Tomcat].[localhost].[/]       : Initializing Spring DispatcherServlet 'dispatcherServlet'
2019-11-09 10:41:40.834  INFO 14936 --- [http-nio-8080-exec-1] o.s.web.servlet.DispatcherServlet        : Initializing Servlet 'dispatcherServlet'
2019-11-09 10:41:40.850  INFO 14936 --- [http-nio-8080-exec-1] o.s.web.servlet.DispatcherServlet        : Completed initialization in 16 ms
2019-11-09 10:41:44.578  INFO 14936 --- [http-nio-8080-exec-2] c.s.test3.controller.RestController      : Entering testApi
2019-11-09 10:41:55.992  INFO 14936 --- [http-nio-8080-exec-4] c.s.test3.controller.RestController      : Entering addRebel API
2019-11-09 10:41:55.994  INFO 14936 --- [http-nio-8080-exec-4] c.s.test3.controller.RestController      : Entering addRebel service
2019-11-09 10:41:56.003  INFO 14936 --- [http-nio-8080-exec-4] c.s.test3.controller.RestController      : Exiting addRebelList
2019-11-09 10:42:47.840  INFO 13528 --- [main] com.ssiconcatel.test3.Test3Application   : Starting Test3Application on LAPTOP-9LML863E with PID 13528 (started by ojkal in C:\Personal\SII Concatel Test\test3)
2019-11-09 10:42:47.843  INFO 13528 --- [main] com.ssiconcatel.test3.Test3Application   : No active profile set, falling back to default profiles: default
2019-11-09 10:42:48.582  INFO 13528 --- [main] .s.d.r.c.RepositoryConfigurationDelegate : Bootstrapping Spring Data repositories in DEFAULT mode.
2019-11-09 10:42:48.604  INFO 13528 --- [main] .s.d.r.c.RepositoryConfigurationDelegate : Finished Spring Data repository scanning in 12ms. Found 0 repository interfaces.
2019-11-09 10:42:48.927  INFO 13528 --- [main] trationDelegate$BeanPostProcessorChecker : Bean 'org.springframework.transaction.annotation.ProxyTransactionManagementConfiguration' of type [org.springframework.transaction.annotation.ProxyTransactionManagementConfiguration] is not eligible for getting processed by all BeanPostProcessors (for example: not eligible for auto-proxying)
2019-11-09 10:42:49.495  INFO 13528 --- [main] o.s.b.w.embedded.tomcat.TomcatWebServer  : Tomcat initialized with port(s): 8080 (http)
2019-11-09 10:42:49.506  INFO 13528 --- [main] o.apache.catalina.core.StandardService   : Starting service [Tomcat]
2019-11-09 10:42:49.507  INFO 13528 --- [main] org.apache.catalina.core.StandardEngine  : Starting Servlet engine: [Apache Tomcat/9.0.27]
2019-11-09 10:42:49.639  INFO 13528 --- [main] o.a.c.c.C.[Tomcat].[localhost].[/]       : Initializing Spring embedded WebApplicationContext
2019-11-09 10:42:49.639  INFO 13528 --- [main] o.s.web.context.ContextLoader            : Root WebApplicationContext: initialization completed in 1725 ms
2019-11-09 10:42:49.776  INFO 13528 --- [main] com.zaxxer.hikari.HikariDataSource       : HikariPool-1 - Starting...
2019-11-09 10:42:50.584  INFO 13528 --- [main] com.zaxxer.hikari.HikariDataSource       : HikariPool-1 - Start completed.
2019-11-09 10:42:50.634  INFO 13528 --- [main] o.hibernate.jpa.internal.util.LogHelper  : HHH000204: Processing PersistenceUnitInfo [name: default]
2019-11-09 10:42:50.700  INFO 13528 --- [main] org.hibernate.Version                    : HHH000412: Hibernate Core {5.4.6.Final}
2019-11-09 10:42:50.855  INFO 13528 --- [main] o.hibernate.annotations.common.Version   : HCANN000001: Hibernate Commons Annotations {5.1.0.Final}
2019-11-09 10:42:50.963  INFO 13528 --- [main] org.hibernate.dialect.Dialect            : HHH000400: Using dialect: org.hibernate.dialect.MySQL8Dialect
2019-11-09 10:42:51.191  INFO 13528 --- [main] o.h.e.t.j.p.i.JtaPlatformInitiator       : HHH000490: Using JtaPlatform implementation: [org.hibernate.engine.transaction.jta.platform.internal.NoJtaPlatform]
2019-11-09 10:42:51.198  INFO 13528 --- [main] j.LocalContainerEntityManagerFactoryBean : Initialized JPA EntityManagerFactory for persistence unit 'default'
2019-11-09 10:42:51.244  WARN 13528 --- [main] JpaBaseConfiguration$JpaWebConfiguration : spring.jpa.open-in-view is enabled by default. Therefore, database queries may be performed during view rendering. Explicitly configure spring.jpa.open-in-view to disable this warning
2019-11-09 10:42:51.394  INFO 13528 --- [main] o.s.s.concurrent.ThreadPoolTaskExecutor  : Initializing ExecutorService 'applicationTaskExecutor'
2019-11-09 10:42:51.597  INFO 13528 --- [main] o.s.b.w.embedded.tomcat.TomcatWebServer  : Tomcat started on port(s): 8080 (http) with context path ''
2019-11-09 10:42:51.600  INFO 13528 --- [main] com.ssiconcatel.test3.Test3Application   : Started Test3Application in 4.21 seconds (JVM running for 4.714)
2019-11-09 10:42:51.601  INFO 13528 --- [main] c.s.test3.controller.RestController      : Starting Application...
2019-11-09 10:43:03.794  INFO 13528 --- [http-nio-8080-exec-1] o.a.c.c.C.[Tomcat].[localhost].[/]       : Initializing Spring DispatcherServlet 'dispatcherServlet'
2019-11-09 10:43:03.795  INFO 13528 --- [http-nio-8080-exec-1] o.s.web.servlet.DispatcherServlet        : Initializing Servlet 'dispatcherServlet'
2019-11-09 10:43:03.818  INFO 13528 --- [http-nio-8080-exec-1] o.s.web.servlet.DispatcherServlet        : Completed initialization in 23 ms
2019-11-09 10:43:04.195  INFO 13528 --- [http-nio-8080-exec-1] c.s.test3.controller.RestController      : Entering addRebel API
2019-11-09 10:43:04.195  INFO 13528 --- [http-nio-8080-exec-1] c.s.test3.controller.RestController      : Entering addRebelList service
2019-11-09 10:43:04.204  INFO 13528 --- [http-nio-8080-exec-1] c.s.test3.controller.RestController      : Exiting addRebelList
2019-11-09 11:01:24.569  INFO 12860 --- [main] com.ssiconcatel.test3.Test3Application   : Starting Test3Application on LAPTOP-9LML863E with PID 12860 (started by ojkal in C:\Personal\SII Concatel Test\test3)
2019-11-09 11:01:24.575  INFO 12860 --- [main] com.ssiconcatel.test3.Test3Application   : No active profile set, falling back to default profiles: default
2019-11-09 11:01:25.397  INFO 12860 --- [main] .s.d.r.c.RepositoryConfigurationDelegate : Bootstrapping Spring Data repositories in DEFAULT mode.
2019-11-09 11:01:25.423  INFO 12860 --- [main] .s.d.r.c.RepositoryConfigurationDelegate : Finished Spring Data repository scanning in 14ms. Found 0 repository interfaces.
2019-11-09 11:01:25.785  INFO 12860 --- [main] trationDelegate$BeanPostProcessorChecker : Bean 'org.springframework.transaction.annotation.ProxyTransactionManagementConfiguration' of type [org.springframework.transaction.annotation.ProxyTransactionManagementConfiguration] is not eligible for getting processed by all BeanPostProcessors (for example: not eligible for auto-proxying)
2019-11-09 11:01:26.244  INFO 12860 --- [main] o.s.b.w.embedded.tomcat.TomcatWebServer  : Tomcat initialized with port(s): 8080 (http)
2019-11-09 11:01:26.265  INFO 12860 --- [main] o.apache.catalina.core.StandardService   : Starting service [Tomcat]
2019-11-09 11:01:26.265  INFO 12860 --- [main] org.apache.catalina.core.StandardEngine  : Starting Servlet engine: [Apache Tomcat/9.0.27]
2019-11-09 11:01:26.432  INFO 12860 --- [main] o.a.c.c.C.[Tomcat].[localhost].[/]       : Initializing Spring embedded WebApplicationContext
2019-11-09 11:01:26.432  INFO 12860 --- [main] o.s.web.context.ContextLoader            : Root WebApplicationContext: initialization completed in 1787 ms
2019-11-09 11:01:26.575  INFO 12860 --- [main] com.zaxxer.hikari.HikariDataSource       : HikariPool-1 - Starting...
2019-11-09 11:01:27.213  INFO 12860 --- [main] com.zaxxer.hikari.HikariDataSource       : HikariPool-1 - Start completed.
2019-11-09 11:01:27.262  INFO 12860 --- [main] o.hibernate.jpa.internal.util.LogHelper  : HHH000204: Processing PersistenceUnitInfo [name: default]
2019-11-09 11:01:27.324  INFO 12860 --- [main] org.hibernate.Version                    : HHH000412: Hibernate Core {5.4.6.Final}
2019-11-09 11:01:27.478  INFO 12860 --- [main] o.hibernate.annotations.common.Version   : HCANN000001: Hibernate Commons Annotations {5.1.0.Final}
2019-11-09 11:01:27.584  INFO 12860 --- [main] org.hibernate.dialect.Dialect            : HHH000400: Using dialect: org.hibernate.dialect.MySQL8Dialect
2019-11-09 11:01:27.840  INFO 12860 --- [main] o.h.e.t.j.p.i.JtaPlatformInitiator       : HHH000490: Using JtaPlatform implementation: [org.hibernate.engine.transaction.jta.platform.internal.NoJtaPlatform]
2019-11-09 11:01:27.849  INFO 12860 --- [main] j.LocalContainerEntityManagerFactoryBean : Initialized JPA EntityManagerFactory for persistence unit 'default'
2019-11-09 11:01:27.895  WARN 12860 --- [main] JpaBaseConfiguration$JpaWebConfiguration : spring.jpa.open-in-view is enabled by default. Therefore, database queries may be performed during view rendering. Explicitly configure spring.jpa.open-in-view to disable this warning
2019-11-09 11:01:28.028  INFO 12860 --- [main] o.s.s.concurrent.ThreadPoolTaskExecutor  : Initializing ExecutorService 'applicationTaskExecutor'
2019-11-09 11:01:28.248  INFO 12860 --- [main] o.s.b.w.embedded.tomcat.TomcatWebServer  : Tomcat started on port(s): 8080 (http) with context path ''
2019-11-09 11:01:28.251  INFO 12860 --- [main] com.ssiconcatel.test3.Test3Application   : Started Test3Application in 4.189 seconds (JVM running for 4.68)
2019-11-09 11:01:28.253  INFO 12860 --- [main] c.s.test3.controller.RestController      : Starting Application...
2019-11-09 11:01:37.981  INFO 12860 --- [http-nio-8080-exec-1] o.a.c.c.C.[Tomcat].[localhost].[/]       : Initializing Spring DispatcherServlet 'dispatcherServlet'
2019-11-09 11:01:37.982  INFO 12860 --- [http-nio-8080-exec-1] o.s.web.servlet.DispatcherServlet        : Initializing Servlet 'dispatcherServlet'
2019-11-09 11:01:37.996  INFO 12860 --- [http-nio-8080-exec-1] o.s.web.servlet.DispatcherServlet        : Completed initialization in 14 ms
2019-11-09 11:01:38.358  WARN 12860 --- [http-nio-8080-exec-1] .w.s.m.s.DefaultHandlerExceptionResolver : Resolved [org.springframework.http.converter.HttpMessageNotReadableException: JSON parse error: Unrecognized token 'asdc': was expecting (JSON String, Number, Array, Object or token 'null', 'true' or 'false'); nested exception is com.fasterxml.jackson.core.JsonParseException: Unrecognized token 'asdc': was expecting (JSON String, Number, Array, Object or token 'null', 'true' or 'false')
 at [Source: (PushbackInputStream); line: 1, column: 9]]
2019-11-09 11:02:42.330  WARN 12860 --- [http-nio-8080-exec-4] .w.s.m.s.DefaultHandlerExceptionResolver : Resolved [org.springframework.http.converter.HttpMessageNotReadableException: Required request body is missing: public org.springframework.http.ResponseEntity<java.lang.Object> com.ssiconcatel.test3.controller.RestController.addRebelList(com.ssiconcatel.test3.Rebel)]
2019-11-09 11:19:24.785  INFO 19232 --- [main] com.ssiconcatel.test3.Test3Application   : Starting Test3Application on LAPTOP-9LML863E with PID 19232 (started by ojkal in C:\Personal\SII Concatel Test\test3)
2019-11-09 11:19:24.790  INFO 19232 --- [main] com.ssiconcatel.test3.Test3Application   : No active profile set, falling back to default profiles: default
2019-11-09 11:19:25.633  INFO 19232 --- [main] .s.d.r.c.RepositoryConfigurationDelegate : Bootstrapping Spring Data repositories in DEFAULT mode.
2019-11-09 11:19:25.655  INFO 19232 --- [main] .s.d.r.c.RepositoryConfigurationDelegate : Finished Spring Data repository scanning in 12ms. Found 0 repository interfaces.
2019-11-09 11:19:25.983  INFO 19232 --- [main] trationDelegate$BeanPostProcessorChecker : Bean 'org.springframework.transaction.annotation.ProxyTransactionManagementConfiguration' of type [org.springframework.transaction.annotation.ProxyTransactionManagementConfiguration] is not eligible for getting processed by all BeanPostProcessors (for example: not eligible for auto-proxying)
2019-11-09 11:19:26.430  INFO 19232 --- [main] o.s.b.w.embedded.tomcat.TomcatWebServer  : Tomcat initialized with port(s): 8080 (http)
2019-11-09 11:19:26.440  INFO 19232 --- [main] o.apache.catalina.core.StandardService   : Starting service [Tomcat]
2019-11-09 11:19:26.441  INFO 19232 --- [main] org.apache.catalina.core.StandardEngine  : Starting Servlet engine: [Apache Tomcat/9.0.27]
2019-11-09 11:19:26.551  INFO 19232 --- [main] o.a.c.c.C.[Tomcat].[localhost].[/]       : Initializing Spring embedded WebApplicationContext
2019-11-09 11:19:26.552  INFO 19232 --- [main] o.s.web.context.ContextLoader            : Root WebApplicationContext: initialization completed in 1641 ms
2019-11-09 11:19:26.696  INFO 19232 --- [main] com.zaxxer.hikari.HikariDataSource       : HikariPool-1 - Starting...
2019-11-09 11:19:27.567  INFO 19232 --- [main] com.zaxxer.hikari.HikariDataSource       : HikariPool-1 - Start completed.
2019-11-09 11:19:27.635  INFO 19232 --- [main] o.hibernate.jpa.internal.util.LogHelper  : HHH000204: Processing PersistenceUnitInfo [name: default]
2019-11-09 11:19:27.701  INFO 19232 --- [main] org.hibernate.Version                    : HHH000412: Hibernate Core {5.4.6.Final}
2019-11-09 11:19:27.856  INFO 19232 --- [main] o.hibernate.annotations.common.Version   : HCANN000001: Hibernate Commons Annotations {5.1.0.Final}
2019-11-09 11:19:27.958  INFO 19232 --- [main] org.hibernate.dialect.Dialect            : HHH000400: Using dialect: org.hibernate.dialect.MySQL8Dialect
2019-11-09 11:19:28.176  INFO 19232 --- [main] o.h.e.t.j.p.i.JtaPlatformInitiator       : HHH000490: Using JtaPlatform implementation: [org.hibernate.engine.transaction.jta.platform.internal.NoJtaPlatform]
2019-11-09 11:19:28.183  INFO 19232 --- [main] j.LocalContainerEntityManagerFactoryBean : Initialized JPA EntityManagerFactory for persistence unit 'default'
2019-11-09 11:19:28.239  WARN 19232 --- [main] JpaBaseConfiguration$JpaWebConfiguration : spring.jpa.open-in-view is enabled by default. Therefore, database queries may be performed during view rendering. Explicitly configure spring.jpa.open-in-view to disable this warning
2019-11-09 11:19:28.401  INFO 19232 --- [main] o.s.s.concurrent.ThreadPoolTaskExecutor  : Initializing ExecutorService 'applicationTaskExecutor'
2019-11-09 11:19:28.655  INFO 19232 --- [main] o.s.b.w.embedded.tomcat.TomcatWebServer  : Tomcat started on port(s): 8080 (http) with context path ''
2019-11-09 11:19:28.658  INFO 19232 --- [main] com.ssiconcatel.test3.Test3Application   : Started Test3Application in 4.338 seconds (JVM running for 4.809)
2019-11-09 11:19:28.661  INFO 19232 --- [main] c.s.test3.controller.RestController      : Starting Application...
2019-11-09 11:19:39.674  INFO 19232 --- [http-nio-8080-exec-1] o.a.c.c.C.[Tomcat].[localhost].[/]       : Initializing Spring DispatcherServlet 'dispatcherServlet'
2019-11-09 11:19:39.676  INFO 19232 --- [http-nio-8080-exec-1] o.s.web.servlet.DispatcherServlet        : Initializing Servlet 'dispatcherServlet'
2019-11-09 11:19:39.692  INFO 19232 --- [http-nio-8080-exec-1] o.s.web.servlet.DispatcherServlet        : Completed initialization in 16 ms
2019-11-09 11:19:39.885  INFO 19232 --- [http-nio-8080-exec-1] c.s.test3.controller.RestController      : Entering testApi
2019-11-09 11:19:46.348  INFO 19232 --- [http-nio-8080-exec-2] c.s.test3.controller.RestController      : Entering getRebelInfo...
2019-11-09 11:19:46.349  INFO 19232 --- [http-nio-8080-exec-2] c.s.test3.controller.RestController      : Entering getRebelInfo Service
2019-11-09 11:20:09.618  INFO 19232 --- [http-nio-8080-exec-4] c.s.test3.controller.RestController      : Entering addRebel API
2019-11-09 11:20:09.619  INFO 19232 --- [http-nio-8080-exec-4] c.s.test3.controller.RestController      : Entering addRebelList service
2019-11-09 11:20:09.627  INFO 19232 --- [http-nio-8080-exec-4] c.s.test3.controller.RestController      : Exiting addRebelList
2019-11-09 11:21:17.597  INFO 7796 --- [main] com.ssiconcatel.test3.Test3Application   : Starting Test3Application on LAPTOP-9LML863E with PID 7796 (started by ojkal in C:\Personal\SII Concatel Test\test3)
2019-11-09 11:21:17.601  INFO 7796 --- [main] com.ssiconcatel.test3.Test3Application   : No active profile set, falling back to default profiles: default
2019-11-09 11:21:18.369  INFO 7796 --- [main] .s.d.r.c.RepositoryConfigurationDelegate : Bootstrapping Spring Data repositories in DEFAULT mode.
2019-11-09 11:21:18.393  INFO 7796 --- [main] .s.d.r.c.RepositoryConfigurationDelegate : Finished Spring Data repository scanning in 13ms. Found 0 repository interfaces.
2019-11-09 11:21:18.800  INFO 7796 --- [main] trationDelegate$BeanPostProcessorChecker : Bean 'org.springframework.transaction.annotation.ProxyTransactionManagementConfiguration' of type [org.springframework.transaction.annotation.ProxyTransactionManagementConfiguration] is not eligible for getting processed by all BeanPostProcessors (for example: not eligible for auto-proxying)
2019-11-09 11:21:19.225  INFO 7796 --- [main] o.s.b.w.embedded.tomcat.TomcatWebServer  : Tomcat initialized with port(s): 8080 (http)
2019-11-09 11:21:19.238  INFO 7796 --- [main] o.apache.catalina.core.StandardService   : Starting service [Tomcat]
2019-11-09 11:21:19.238  INFO 7796 --- [main] org.apache.catalina.core.StandardEngine  : Starting Servlet engine: [Apache Tomcat/9.0.27]
2019-11-09 11:21:19.409  INFO 7796 --- [main] o.a.c.c.C.[Tomcat].[localhost].[/]       : Initializing Spring embedded WebApplicationContext
2019-11-09 11:21:19.410  INFO 7796 --- [main] o.s.web.context.ContextLoader            : Root WebApplicationContext: initialization completed in 1748 ms
2019-11-09 11:21:19.571  INFO 7796 --- [main] com.zaxxer.hikari.HikariDataSource       : HikariPool-1 - Starting...
2019-11-09 11:21:20.223  INFO 7796 --- [main] com.zaxxer.hikari.HikariDataSource       : HikariPool-1 - Start completed.
2019-11-09 11:21:20.314  INFO 7796 --- [main] o.hibernate.jpa.internal.util.LogHelper  : HHH000204: Processing PersistenceUnitInfo [name: default]
2019-11-09 11:21:20.386  INFO 7796 --- [main] org.hibernate.Version                    : HHH000412: Hibernate Core {5.4.6.Final}
2019-11-09 11:21:20.519  INFO 7796 --- [main] o.hibernate.annotations.common.Version   : HCANN000001: Hibernate Commons Annotations {5.1.0.Final}
2019-11-09 11:21:20.626  INFO 7796 --- [main] org.hibernate.dialect.Dialect            : HHH000400: Using dialect: org.hibernate.dialect.MySQL8Dialect
2019-11-09 11:21:20.858  INFO 7796 --- [main] o.h.e.t.j.p.i.JtaPlatformInitiator       : HHH000490: Using JtaPlatform implementation: [org.hibernate.engine.transaction.jta.platform.internal.NoJtaPlatform]
2019-11-09 11:21:20.865  INFO 7796 --- [main] j.LocalContainerEntityManagerFactoryBean : Initialized JPA EntityManagerFactory for persistence unit 'default'
2019-11-09 11:21:20.914  WARN 7796 --- [main] JpaBaseConfiguration$JpaWebConfiguration : spring.jpa.open-in-view is enabled by default. Therefore, database queries may be performed during view rendering. Explicitly configure spring.jpa.open-in-view to disable this warning
2019-11-09 11:21:21.042  INFO 7796 --- [main] o.s.s.concurrent.ThreadPoolTaskExecutor  : Initializing ExecutorService 'applicationTaskExecutor'
2019-11-09 11:21:21.284  INFO 7796 --- [main] o.s.b.w.embedded.tomcat.TomcatWebServer  : Tomcat started on port(s): 8080 (http) with context path ''
2019-11-09 11:21:21.287  INFO 7796 --- [main] com.ssiconcatel.test3.Test3Application   : Started Test3Application in 4.144 seconds (JVM running for 4.622)
2019-11-09 11:21:21.288  INFO 7796 --- [main] c.s.test3.controller.RestController      : Starting Application...
2019-11-09 11:21:39.896  INFO 7796 --- [http-nio-8080-exec-1] o.a.c.c.C.[Tomcat].[localhost].[/]       : Initializing Spring DispatcherServlet 'dispatcherServlet'
2019-11-09 11:21:39.897  INFO 7796 --- [http-nio-8080-exec-1] o.s.web.servlet.DispatcherServlet        : Initializing Servlet 'dispatcherServlet'
2019-11-09 11:21:39.914  INFO 7796 --- [http-nio-8080-exec-1] o.s.web.servlet.DispatcherServlet        : Completed initialization in 16 ms
2019-11-09 11:21:40.108  INFO 7796 --- [http-nio-8080-exec-1] c.s.test3.controller.RestController      : Entering getRebelInfo...
2019-11-09 11:21:40.109  INFO 7796 --- [http-nio-8080-exec-1] c.s.test3.controller.RestController      : Exiting getRebelInfo()
2019-11-09 11:21:40.110  INFO 7796 --- [http-nio-8080-exec-1] c.s.test3.controller.RestController      : Entering getRebelInfo Service
2019-11-09 11:22:14.898  INFO 12296 --- [main] com.ssiconcatel.test3.Test3Application   : Starting Test3Application on LAPTOP-9LML863E with PID 12296 (started by ojkal in C:\Personal\SII Concatel Test\test3)
2019-11-09 11:22:14.901  INFO 12296 --- [main] com.ssiconcatel.test3.Test3Application   : No active profile set, falling back to default profiles: default
2019-11-09 11:22:15.655  INFO 12296 --- [main] .s.d.r.c.RepositoryConfigurationDelegate : Bootstrapping Spring Data repositories in DEFAULT mode.
2019-11-09 11:22:15.675  INFO 12296 --- [main] .s.d.r.c.RepositoryConfigurationDelegate : Finished Spring Data repository scanning in 12ms. Found 0 repository interfaces.
2019-11-09 11:22:16.021  INFO 12296 --- [main] trationDelegate$BeanPostProcessorChecker : Bean 'org.springframework.transaction.annotation.ProxyTransactionManagementConfiguration' of type [org.springframework.transaction.annotation.ProxyTransactionManagementConfiguration] is not eligible for getting processed by all BeanPostProcessors (for example: not eligible for auto-proxying)
2019-11-09 11:22:16.611  INFO 12296 --- [main] o.s.b.w.embedded.tomcat.TomcatWebServer  : Tomcat initialized with port(s): 8080 (http)
2019-11-09 11:22:16.626  INFO 12296 --- [main] o.apache.catalina.core.StandardService   : Starting service [Tomcat]
2019-11-09 11:22:16.626  INFO 12296 --- [main] org.apache.catalina.core.StandardEngine  : Starting Servlet engine: [Apache Tomcat/9.0.27]
2019-11-09 11:22:16.821  INFO 12296 --- [main] o.a.c.c.C.[Tomcat].[localhost].[/]       : Initializing Spring embedded WebApplicationContext
2019-11-09 11:22:16.821  INFO 12296 --- [main] o.s.web.context.ContextLoader            : Root WebApplicationContext: initialization completed in 1866 ms
2019-11-09 11:22:16.956  INFO 12296 --- [main] com.zaxxer.hikari.HikariDataSource       : HikariPool-1 - Starting...
2019-11-09 11:22:17.694  INFO 12296 --- [main] com.zaxxer.hikari.HikariDataSource       : HikariPool-1 - Start completed.
2019-11-09 11:22:17.735  INFO 12296 --- [main] o.hibernate.jpa.internal.util.LogHelper  : HHH000204: Processing PersistenceUnitInfo [name: default]
2019-11-09 11:22:17.794  INFO 12296 --- [main] org.hibernate.Version                    : HHH000412: Hibernate Core {5.4.6.Final}
2019-11-09 11:22:17.944  INFO 12296 --- [main] o.hibernate.annotations.common.Version   : HCANN000001: Hibernate Commons Annotations {5.1.0.Final}
2019-11-09 11:22:18.089  INFO 12296 --- [main] org.hibernate.dialect.Dialect            : HHH000400: Using dialect: org.hibernate.dialect.MySQL8Dialect
2019-11-09 11:22:18.283  INFO 12296 --- [main] o.h.e.t.j.p.i.JtaPlatformInitiator       : HHH000490: Using JtaPlatform implementation: [org.hibernate.engine.transaction.jta.platform.internal.NoJtaPlatform]
2019-11-09 11:22:18.291  INFO 12296 --- [main] j.LocalContainerEntityManagerFactoryBean : Initialized JPA EntityManagerFactory for persistence unit 'default'
2019-11-09 11:22:18.344  WARN 12296 --- [main] JpaBaseConfiguration$JpaWebConfiguration : spring.jpa.open-in-view is enabled by default. Therefore, database queries may be performed during view rendering. Explicitly configure spring.jpa.open-in-view to disable this warning
2019-11-09 11:22:18.492  INFO 12296 --- [main] o.s.s.concurrent.ThreadPoolTaskExecutor  : Initializing ExecutorService 'applicationTaskExecutor'
2019-11-09 11:22:18.724  INFO 12296 --- [main] o.s.b.w.embedded.tomcat.TomcatWebServer  : Tomcat started on port(s): 8080 (http) with context path ''
2019-11-09 11:22:18.726  INFO 12296 --- [main] com.ssiconcatel.test3.Test3Application   : Started Test3Application in 4.269 seconds (JVM running for 4.729)
2019-11-09 11:22:18.728  INFO 12296 --- [main] c.s.test3.controller.RestController      : Starting Application...
2019-11-09 11:22:28.381  INFO 12296 --- [http-nio-8080-exec-1] o.a.c.c.C.[Tomcat].[localhost].[/]       : Initializing Spring DispatcherServlet 'dispatcherServlet'
2019-11-09 11:22:28.383  INFO 12296 --- [http-nio-8080-exec-1] o.s.web.servlet.DispatcherServlet        : Initializing Servlet 'dispatcherServlet'
2019-11-09 11:22:28.401  INFO 12296 --- [http-nio-8080-exec-1] o.s.web.servlet.DispatcherServlet        : Completed initialization in 18 ms
2019-11-09 11:22:28.614  INFO 12296 --- [http-nio-8080-exec-1] c.s.test3.controller.RestController      : Entering getRebelInfo...
2019-11-09 11:22:28.614  INFO 12296 --- [http-nio-8080-exec-1] c.s.test3.controller.RestController      : Entering getRebelInfo Service
2019-11-09 11:22:28.618  INFO 12296 --- [http-nio-8080-exec-1] c.s.test3.controller.RestController      : Exiting getRebelInfo()
